<?xml version="1.0" encoding="UTF-8"?>
<!-- Generated by org.testng.reporters.JUnitReportReporter -->
<testsuite hostname="Swapnil" failures="0" tests="1" name="codewithswapnil.Miscellaneous" time="20.124" errors="0" timestamp="2024-02-02T21:13:24 EST" skipped="0">
  <testcase classname="codewithswapnil.Miscellaneous" name="orientationDemo" time="20.124"/>
  <system-out/>
</testsuite> <!-- codewithswapnil.Miscellaneous -->
