<?xml version="1.0" encoding="UTF-8"?>
<!-- Generated by org.testng.reporters.JUnitReportReporter -->
<testsuite hostname="Swapnil" failures="0" tests="1" name="codewithswapnil.Assignment1" time="10.083" errors="0" timestamp="2024-02-09T15:44:08 EST" skipped="0">
  <testcase classname="codewithswapnil.Assignment1" name="alertDialogs" time="10.083"/>
  <system-out/>
</testsuite> <!-- codewithswapnil.Assignment1 -->
