<?xml version="1.0" encoding="UTF-8"?>
<!-- Generated by org.testng.reporters.JUnitReportReporter -->
<testsuite hostname="Swapnil" failures="0" tests="4" name="codewithswapnil.Gestures" time="67.901" errors="0" timestamp="2024-02-02T21:12:47 EST" skipped="0">
  <testcase classname="codewithswapnil.Gestures" name="longPressDemoTest" time="20.284"/>
  <system-out/>
  <testcase classname="codewithswapnil.Gestures" name="scrollDemoTest" time="16.809"/>
  <system-out/>
  <testcase classname="codewithswapnil.Gestures" name="dragAndDropDemoTest" time="14.596"/>
  <system-out/>
  <testcase classname="codewithswapnil.Gestures" name="swipeDemoTest" time="16.212"/>
  <system-out/>
</testsuite> <!-- codewithswapnil.Gestures -->
