<?xml version="1.0" encoding="UTF-8"?>
<!-- Generated by org.testng.reporters.JUnitReportReporter -->
<testsuite hostname="Swapnil" failures="0" tests="1" name="codewithswapnil.AppiumBasics" time="31.673" errors="0" timestamp="2024-02-02T21:12:47 EST" skipped="0">
  <testcase classname="codewithswapnil.AppiumBasics" name="AppiumTest" time="31.673"/>
  <system-out/>
</testsuite> <!-- codewithswapnil.AppiumBasics -->
