<?xml version="1.0" encoding="UTF-8"?>
<!-- Generated by org.testng.reporters.JUnitReportReporter -->
<testsuite hostname="Swapnil" failures="0" tests="1" name="codewithswapnil.ScrollDemo" time="7.720" errors="0" timestamp="2024-02-09T16:02:47 EST" skipped="0">
  <testcase classname="codewithswapnil.ScrollDemo" name="scrollDemoTest" time="7.720"/>
  <system-out/>
</testsuite> <!-- codewithswapnil.ScrollDemo -->
