<?xml version="1.0" encoding="UTF-8"?>
<!-- Generated by org.testng.reporters.JUnitReportReporter -->
<testsuite hostname="Swapnil" failures="0" tests="1" name="codewithswapnil.SwipeDemo" time="8.883" errors="0" timestamp="2024-02-09T16:03:15 EST" skipped="0">
  <testcase classname="codewithswapnil.SwipeDemo" name="swipeDemoTest" time="8.883"/>
  <system-out/>
</testsuite> <!-- codewithswapnil.SwipeDemo -->
