<?xml version="1.0" encoding="UTF-8"?>
<!-- Generated by org.testng.reporters.JUnitReportReporter -->
<testsuite hostname="Swapnil" failures="0" tests="1" name="codewithswapnil.ECommerce_tc_1" time="15.251" errors="0" timestamp="2024-02-19T21:21:46 EST" skipped="0">
  <testcase classname="codewithswapnil.ECommerce_tc_1" name="FillForm" time="15.251"/>
  <system-out/>
</testsuite> <!-- codewithswapnil.ECommerce_tc_1 -->
