<?xml version="1.0" encoding="UTF-8"?>
<!-- Generated by org.testng.reporters.JUnitReportReporter -->
<testsuite hostname="Swapnil" failures="0" tests="1" name="codewithswapnil.AppiumBasics" time="22.526" errors="0" timestamp="2024-01-25T14:58:43 EST" skipped="0">
  <testcase classname="codewithswapnil.AppiumBasics" name="AppiumTest" time="22.526"/>
  <system-out/>
</testsuite> <!-- codewithswapnil.AppiumBasics -->
