<?xml version="1.0" encoding="UTF-8"?>
<!-- Generated by org.testng.reporters.JUnitReportReporter -->
<testsuite hostname="Swapnil" failures="0" tests="1" name="codewithswapnil.Miscellaneous" time="12.896" errors="0" timestamp="2024-02-18T15:32:59 EST" skipped="0">
  <testcase classname="codewithswapnil.Miscellaneous" name="orientationDemo" time="12.896"/>
  <system-out/>
</testsuite> <!-- codewithswapnil.Miscellaneous -->
