<?xml version="1.0" encoding="UTF-8"?>
<!-- Generated by org.testng.reporters.JUnitReportReporter -->
<testsuite hostname="Swapnil" failures="0" tests="1" name="codewithswapnil.LongPressDemo" time="8.847" errors="0" timestamp="2024-02-09T16:02:24 EST" skipped="0">
  <testcase classname="codewithswapnil.LongPressDemo" name="longPressDemoTest" time="8.847"/>
  <system-out/>
</testsuite> <!-- codewithswapnil.LongPressDemo -->
