<?xml version="1.0" encoding="UTF-8"?>
<!-- Generated by org.testng.reporters.JUnitReportReporter -->
<testsuite hostname="Swapnil" failures="0" tests="1" name="codewithswapnil.InClassPractice" time="20.810" errors="0" timestamp="2024-02-02T21:12:47 EST" skipped="0">
  <testcase classname="codewithswapnil.InClassPractice" name="FDMPractice" time="20.810"/>
  <system-out/>
</testsuite> <!-- codewithswapnil.InClassPractice -->
