<?xml version="1.0" encoding="UTF-8"?>
<!-- Generated by org.testng.reporters.JUnitReportReporter -->
<testsuite hostname="Swapnil" failures="0" tests="1" name="codewithswapnil.Assignment1" time="18.859" errors="0" timestamp="2024-02-02T21:12:47 EST" skipped="0">
  <testcase classname="codewithswapnil.Assignment1" name="alertDialogs" time="18.859"/>
  <system-out/>
</testsuite> <!-- codewithswapnil.Assignment1 -->
